Configuring hslogger-1.2.12...
Preprocessing library for hslogger-1.2.12..
Building library for hslogger-1.2.12..
[1 of 8] Compiling System.Log       ( src/System/Log.hs, .stack-work/dist/x86_64-linux/Cabal-2.4.0.1/build/System/Log.o )
[2 of 8] Compiling System.Log.Formatter ( src/System/Log/Formatter.hs, .stack-work/dist/x86_64-linux/Cabal-2.4.0.1/build/System/Log/Formatter.o )
[3 of 8] Compiling System.Log.Handler ( src/System/Log/Handler.hs, .stack-work/dist/x86_64-linux/Cabal-2.4.0.1/build/System/Log/Handler.o )
[4 of 8] Compiling System.Log.Handler.Growl ( src/System/Log/Handler/Growl.hs, .stack-work/dist/x86_64-linux/Cabal-2.4.0.1/build/System/Log/Handler/Growl.o )

[;1msrc/System/Log/Handler/Growl.hs:21:1: [;1m[35mwarning:[0m[0m[;1m [[;1m[35m-Wdeprecations[0m[0m[;1m][0m[0m[;1m
    Module ‘Network.BSD’ is deprecated:
      This platform dependent module is no longer supported.[0m[0m
[;1m[34m   |[0m[0m
[;1m[34m21 |[0m[0m [;1m[35mimport Network.BSD[0m[0m
[;1m[34m   |[0m[0m[;1m[35m ^^^^^^^^^^^^^^^^^^[0m[0m
[0m[0m[0m
[;1msrc/System/Log/Handler/Growl.hs:47:59: [;1m[35mwarning:[0m[0m[;1m [[;1m[35m-Wdeprecations[0m[0m[;1m][0m[0m[;1m
    In the use of ‘sClose’ (imported from Network.Socket):
    Deprecated: "use 'close'"[0m[0m
[;1m[34m   |[0m[0m
[;1m[34m47 |[0m[0m                in  mapM_ (sendNote s pkt) (targets gh) >> [;1m[35msClose[0m[0m s
[;1m[34m   |[0m[0m[;1m[35m                                                           ^^^^^^[0m[0m
[0m[0m[0m
[;1msrc/System/Log/Handler/Growl.hs:50:21: [;1m[35mwarning:[0m[0m[;1m [[;1m[35m-Wdeprecations[0m[0m[;1m][0m[0m[;1m
    In the use of ‘sendTo’ (imported from Network.Socket):
    Deprecated: "Use sendTo defined in "Network.Socket.ByteString""[0m[0m
[;1m[34m   |[0m[0m
[;1m[34m50 |[0m[0m sendNote s pkt ha = [;1m[35msendTo[0m[0m s pkt (SockAddrInet 9887 ha)
[;1m[34m   |[0m[0m[;1m[35m                     ^^^^^^[0m[0m
[0m[0m[0m
[;1msrc/System/Log/Handler/Growl.hs:106:30: [;1m[35mwarning:[0m[0m[;1m [[;1m[35m-Wdeprecations[0m[0m[;1m][0m[0m[;1m
    In the use of ‘getHostByName’ (imported from Network.BSD):
    Deprecated: "This platform dependent module is no longer supported."[0m[0m
[;1m[34m    |[0m[0m
[;1m[34m106 |[0m[0m addTarget hn gh = do { he <- [;1m[35mgetHostByName[0m[0m hn
[;1m[34m    |[0m[0m[;1m[35m                              ^^^^^^^^^^^^^[0m[0m
[0m[0m[0m
[;1msrc/System/Log/Handler/Growl.hs:107:33: [;1m[35mwarning:[0m[0m[;1m [[;1m[35m-Wdeprecations[0m[0m[;1m][0m[0m[;1m
    In the use of ‘hostAddress’ (imported from Network.BSD):
    Deprecated: "This platform dependent module is no longer supported."[0m[0m
[;1m[34m    |[0m[0m
[;1m[34m107 |[0m[0m                      ; let ha = [;1m[35mhostAddress[0m[0m he
[;1m[34m    |[0m[0m[;1m[35m                                 ^^^^^^^^^^^[0m[0m
[0m[0m[0m
[;1msrc/System/Log/Handler/Growl.hs:109:32: [;1m[35mwarning:[0m[0m[;1m [[;1m[35m-Wdeprecations[0m[0m[;1m][0m[0m[;1m
    In the use of ‘sendTo’ (imported from Network.Socket):
    Deprecated: "Use sendTo defined in "Network.Socket.ByteString""[0m[0m
[;1m[34m    |[0m[0m
[;1m[34m109 |[0m[0m                        in do { [;1m[35msendTo[0m[0m (skt gh) (buildRegistration gh) sa
[;1m[34m    |[0m[0m[;1m[35m                                ^^^^^^[0m[0m
[0m[0m[0m[5 of 8] Compiling System.Log.Handler.Simple ( src/System/Log/Handler/Simple.hs, .stack-work/dist/x86_64-linux/Cabal-2.4.0.1/build/System/Log/Handler/Simple.o )
[6 of 8] Compiling System.Log.Handler.Log4jXML ( src/System/Log/Handler/Log4jXML.hs, .stack-work/dist/x86_64-linux/Cabal-2.4.0.1/build/System/Log/Handler/Log4jXML.o )
[7 of 8] Compiling System.Log.Handler.Syslog ( src/System/Log/Handler/Syslog.hs, .stack-work/dist/x86_64-linux/Cabal-2.4.0.1/build/System/Log/Handler/Syslog.o )

[;1msrc/System/Log/Handler/Syslog.hs:52:1: [;1m[35mwarning:[0m[0m[;1m [[;1m[35m-Wdeprecations[0m[0m[;1m][0m[0m[;1m
    Module ‘Network.BSD’ is deprecated:
      This platform dependent module is no longer supported.[0m[0m
[;1m[34m   |[0m[0m
[;1m[34m52 |[0m[0m [;1m[35mimport Network.BSD[0m[0m
[;1m[34m   |[0m[0m[;1m[35m ^^^^^^^^^^^^^^^^^^[0m[0m
[0m[0m[0m
[;1msrc/System/Log/Handler/Syslog.hs:198:16: [;1m[35mwarning:[0m[0m[;1m [[;1m[35m-Wdeprecations[0m[0m[;1m][0m[0m[;1m
    In the use of ‘sClose’ (imported from Network.Socket):
    Deprecated: "use 'close'"[0m[0m
[;1m[34m    |[0m[0m
[;1m[34m198 |[0m[0m             do [;1m[35mS.sClose[0m[0m s -- close Stream variant
[;1m[34m    |[0m[0m[;1m[35m                ^^^^^^^^[0m[0m
[0m[0m[0m
[;1msrc/System/Log/Handler/Syslog.hs:214:11: [;1m[35mwarning:[0m[0m[;1m [[;1m[35m-Wdeprecations[0m[0m[;1m][0m[0m[;1m
    In the use of ‘getHostByName’ (imported from Network.BSD):
    Deprecated: "This platform dependent module is no longer supported."[0m[0m
[;1m[34m    |[0m[0m
[;1m[34m214 |[0m[0m     he <- [;1m[35mgetHostByName[0m[0m hostname
[;1m[34m    |[0m[0m[;1m[35m           ^^^^^^^^^^^^^[0m[0m
[0m[0m[0m
[;1msrc/System/Log/Handler/Syslog.hs:216:41: [;1m[35mwarning:[0m[0m[;1m [[;1m[35m-Wdeprecations[0m[0m[;1m][0m[0m[;1m
    In the use of ‘hostAddresses’ (imported from Network.BSD):
    Deprecated: "This platform dependent module is no longer supported."[0m[0m
[;1m[34m    |[0m[0m
[;1m[34m216 |[0m[0m     let addr = SockAddrInet port (head ([;1m[35mhostAddresses[0m[0m he))
[;1m[34m    |[0m[0m[;1m[35m                                         ^^^^^^^^^^^^^[0m[0m
[0m[0m[0m
[;1msrc/System/Log/Handler/Syslog.hs:260:33: [;1m[35mwarning:[0m[0m[;1m [[;1m[35m-Wdeprecations[0m[0m[;1m][0m[0m[;1m
    In the use of ‘sendTo’ (imported from Network.Socket):
    Deprecated: "Use sendTo defined in "Network.Socket.ByteString""[0m[0m
[;1m[34m    |[0m[0m
[;1m[34m260 |[0m[0m                     Datagram -> [;1m[35msendTo[0m[0m (logsocket sh) omsg (address sh)
[;1m[34m    |[0m[0m[;1m[35m                                 ^^^^^^[0m[0m
[0m[0m[0m
[;1msrc/System/Log/Handler/Syslog.hs:261:33: [;1m[35mwarning:[0m[0m[;1m [[;1m[35m-Wdeprecations[0m[0m[;1m][0m[0m[;1m
    In the use of ‘send’ (imported from Network.Socket):
    Deprecated: "Use send defined in "Network.Socket.ByteString""[0m[0m
[;1m[34m    |[0m[0m
[;1m[34m261 |[0m[0m                     Stream   -> [;1m[35msend[0m[0m   (logsocket sh) omsg
[;1m[34m    |[0m[0m[;1m[35m                                 ^^^^[0m[0m
[0m[0m[0m
[;1msrc/System/Log/Handler/Syslog.hs:278:16: [;1m[35mwarning:[0m[0m[;1m [[;1m[35m-Wdeprecations[0m[0m[;1m][0m[0m[;1m
    In the use of ‘sClose’ (imported from Network.Socket):
    Deprecated: "use 'close'"[0m[0m
[;1m[34m    |[0m[0m
[;1m[34m278 |[0m[0m     close sh = [;1m[35msClose[0m[0m (logsocket sh)
[;1m[34m    |[0m[0m[;1m[35m                ^^^^^^[0m[0m
[0m[0m[0m[8 of 8] Compiling System.Log.Logger ( src/System/Log/Logger.hs, .stack-work/dist/x86_64-linux/Cabal-2.4.0.1/build/System/Log/Logger.o )

[;1msrc/System/Log/Logger.hs:201:1: [;1m[35mwarning:[0m[0m[;1m [[;1m[35m-Wdeprecations[0m[0m[;1m][0m[0m[;1m
    Module ‘Control.Monad.Error’ is deprecated:
      Use "Control.Monad.Except" instead[0m[0m
[;1m[34m    |[0m[0m
[;1m[34m201 |[0m[0m [;1m[35mimport Control.Monad.Error[0m[0m
[;1m[34m    |[0m[0m[;1m[35m ^^^^^^^^^^^^^^^^^^^^^^^^^^[0m[0m
[0m[0m[0mInstalling library in /home/parallels/.stack/snapshots/x86_64-linux/lts-13.7/8.6.3/lib/x86_64-linux-ghc-8.6.3/hslogger-1.2.12-Av0mDMwr8V14YtD057VSfW
Registering library for hslogger-1.2.12..
