Configuring MissingH-1.4.1.0...
Preprocessing library for MissingH-1.4.1.0..
Building library for MissingH-1.4.1.0..

[;1mon the commandline: [;1m[35mwarning:[0m[0m[;1m[0m[0m[;1m
    -XOverlappingInstances is deprecated: instead use per-instance pragmas OVERLAPPING/OVERLAPPABLE/OVERLAPS[0m[0m
[0m[0m[0m[ 1 of 45] Compiling Control.Concurrent.Thread.Utils ( src/Control/Concurrent/Thread/Utils.hs, .stack-work/dist/x86_64-linux/Cabal-2.4.0.1/build/Control/Concurrent/Thread/Utils.o )
[ 2 of 45] Compiling Data.BinPacking  ( src/Data/BinPacking.hs, .stack-work/dist/x86_64-linux/Cabal-2.4.0.1/build/Data/BinPacking.o )

[;1msrc/Data/BinPacking.hs:41:1: [;1m[35mwarning:[0m[0m[;1m [[;1m[35m-Wdeprecations[0m[0m[;1m][0m[0m[;1m
    Module ‘Control.Monad.Error’ is deprecated:
      Use "Control.Monad.Except" instead[0m[0m
[;1m[34m   |[0m[0m
[;1m[34m41 |[0m[0m [;1m[35mimport Control.Monad.Error[0m[0m
[;1m[34m   |[0m[0m[;1m[35m ^^^^^^^^^^^^^^^^^^^^^^^^^^[0m[0m
[0m[0m[0m
[;1msrc/Data/BinPacking.hs:60:55: [;1m[35mwarning:[0m[0m[;1m [[;1m[35m-Wdeprecations[0m[0m[;1m][0m[0m[;1m
    In the use of type constructor or class ‘Error’
    (imported from Control.Monad.Error, but defined in transformers-0.5.5.0:Control.Monad.Trans.Error):
    Deprecated: "Use Control.Monad.Trans.Except instead"[0m[0m
[;1m[34m   |[0m[0m
[;1m[34m60 |[0m[0m instance (Num size, Ord size, Show size, Show obj) => [;1m[35mError[0m[0m (BinPackerError size obj) where
[;1m[34m   |[0m[0m[;1m[35m                                                       ^^^^^[0m[0m
[0m[0m[0m
[;1msrc/Data/BinPacking.hs:60:55: [;1m[35mwarning:[0m[0m[;1m [[;1m[35m-Wdeprecations[0m[0m[;1m][0m[0m[;1m
    In the use of type constructor or class ‘Error’
    (imported from Control.Monad.Error, but defined in transformers-0.5.5.0:Control.Monad.Trans.Error):
    Deprecated: "Use Control.Monad.Trans.Except instead"[0m[0m
[;1m[34m   |[0m[0m
[;1m[34m60 |[0m[0m instance (Num size, Ord size, Show size, Show obj) => [;1m[35mError[0m[0m (BinPackerError size obj) where
[;1m[34m   |[0m[0m[;1m[35m                                                       ^^^^^[0m[0m
[0m[0m[0m[ 3 of 45] Compiling Data.Bits.Utils  ( src/Data/Bits/Utils.hs, .stack-work/dist/x86_64-linux/Cabal-2.4.0.1/build/Data/Bits/Utils.o )

[;1msrc/Data/Bits/Utils.hs:41:13: [;1m[35mwarning:[0m[0m[;1m [[;1m[35m-Wdeprecations[0m[0m[;1m][0m[0m[;1m
    In the use of ‘bitSize’ (imported from Data.Bits):
    Deprecated: "Use 'bitSizeMaybe' or 'finiteBitSize' instead"[0m[0m
[;1m[34m   |[0m[0m
[;1m[34m41 |[0m[0m         if ([;1m[35mbitSize[0m[0m input `mod` 8) /= 0
[;1m[34m   |[0m[0m[;1m[35m             ^^^^^^^[0m[0m
[0m[0m[0m
[;1msrc/Data/Bits/Utils.hs:43:42: [;1m[35mwarning:[0m[0m[;1m [[;1m[35m-Wdeprecations[0m[0m[;1m][0m[0m[;1m
    In the use of ‘bitSize’ (imported from Data.Bits):
    Deprecated: "Use 'bitSizeMaybe' or 'finiteBitSize' instead"[0m[0m
[;1m[34m   |[0m[0m
[;1m[34m43 |[0m[0m            else reverse $ getByte input ([;1m[35mbitSize[0m[0m input `div` 8)
[;1m[34m   |[0m[0m[;1m[35m                                          ^^^^^^^[0m[0m
[0m[0m[0m[ 4 of 45] Compiling Data.CSV         ( src/Data/CSV.hs, .stack-work/dist/x86_64-linux/Cabal-2.4.0.1/build/Data/CSV.o )
[ 5 of 45] Compiling Data.Compression.Inflate ( src/Data/Compression/Inflate.hs, .stack-work/dist/x86_64-linux/Cabal-2.4.0.1/build/Data/Compression/Inflate.o )

[;1msrc/Data/Compression/Inflate.hs:192:18: [;1m[35mwarning:[0m[0m[;1m [[;1m[35m-Woverlapping-patterns[0m[0m[;1m][0m[0m[;1m
    Pattern match is redundant
    In a case alternative: [x] -> ...[0m[0m
[;1m[34m    |[0m[0m
[;1m[34m192 |[0m[0m                  [;1m[35m[x] -> return x[0m[0m
[;1m[34m    |[0m[0m[;1m[35m                  ^^^^^^^^^^^^^^^[0m[0m
[0m[0m[0m[ 6 of 45] Compiling Data.Either.Utils ( src/Data/Either/Utils.hs, .stack-work/dist/x86_64-linux/Cabal-2.4.0.1/build/Data/Either/Utils.o )

[;1msrc/Data/Either/Utils.hs:30:1: [;1m[35mwarning:[0m[0m[;1m [[;1m[35m-Wdeprecations[0m[0m[;1m][0m[0m[;1m
    Module ‘Control.Monad.Error’ is deprecated:
      Use "Control.Monad.Except" instead[0m[0m
[;1m[34m   |[0m[0m
[;1m[34m30 |[0m[0m [;1m[35mimport Control.Monad.Error[0m[0m
[;1m[34m   |[0m[0m[;1m[35m ^^^^^^^^^^^^^^^^^^^^^^^^^^[0m[0m
[0m[0m[0m[ 7 of 45] Compiling Data.Hash.CRC32.GZip ( src/Data/Hash/CRC32/GZip.hs, .stack-work/dist/x86_64-linux/Cabal-2.4.0.1/build/Data/Hash/CRC32/GZip.o )
[ 8 of 45] Compiling Data.Hash.MD5    ( src/Data/Hash/MD5.lhs, .stack-work/dist/x86_64-linux/Cabal-2.4.0.1/build/Data/Hash/MD5.o )

[;1msrc/Data/Hash/MD5.lhs:114:12: [;1m[35mwarning:[0m[0m[;1m [[;1m[35m-Wmissing-methods[0m[0m[;1m][0m[0m[;1m
    • No explicit implementation for
        ‘*’, ‘abs’, ‘signum’, ‘fromInteger’, and (either ‘negate’ or ‘-’)
    • In the instance declaration for ‘Num ABCD’[0m[0m
[;1m[34m    |[0m[0m
[;1m[34m114 |[0m[0m > instance [;1m[35mNum ABCD[0m[0m where
[;1m[34m    |[0m[0m[;1m[35m            ^^^^^^^^[0m[0m
[0m[0m[0m[ 9 of 45] Compiling Data.Hash.MD5.Zord64_HARD ( src/Data/Hash/MD5/Zord64_HARD.lhs, .stack-work/dist/x86_64-linux/Cabal-2.4.0.1/build/Data/Hash/MD5/Zord64_HARD.o )

[;1msrc/Data/Hash/MD5/Zord64_HARD.lhs:13:12: [;1m[35mwarning:[0m[0m[;1m [[;1m[35m-Wmissing-methods[0m[0m[;1m][0m[0m[;1m
    • No explicit implementation for
        either ‘showsPrec’ or ‘show’
    • In the instance declaration for ‘Show Zord64’[0m[0m
[;1m[34m   |[0m[0m
[;1m[34m13 |[0m[0m > instance [;1m[35mShow Zord64[0m[0m
[;1m[34m   |[0m[0m[;1m[35m            ^^^^^^^^^^^[0m[0m
[0m[0m[0m
[;1msrc/Data/Hash/MD5/Zord64_HARD.lhs:15:12: [;1m[35mwarning:[0m[0m[;1m [[;1m[35m-Wmissing-methods[0m[0m[;1m][0m[0m[;1m
    • No explicit implementation for
        either ‘readsPrec’ or ‘GHC.Read.readPrec’
    • In the instance declaration for ‘Read Zord64’[0m[0m
[;1m[34m   |[0m[0m
[;1m[34m15 |[0m[0m > instance [;1m[35mRead Zord64[0m[0m
[;1m[34m   |[0m[0m[;1m[35m            ^^^^^^^^^^^[0m[0m
[0m[0m[0m
[;1msrc/Data/Hash/MD5/Zord64_HARD.lhs:17:12: [;1m[35mwarning:[0m[0m[;1m [[;1m[35m-Wmissing-methods[0m[0m[;1m][0m[0m[;1m
    • No explicit implementation for
        ‘*’, ‘abs’, and ‘signum’
    • In the instance declaration for ‘Num Zord64’[0m[0m
[;1m[34m   |[0m[0m
[;1m[34m17 |[0m[0m > instance [;1m[35mNum Zord64[0m[0m where
[;1m[34m   |[0m[0m[;1m[35m            ^^^^^^^^^^[0m[0m
[0m[0m[0m
[;1msrc/Data/Hash/MD5/Zord64_HARD.lhs:26:12: [;1m[35mwarning:[0m[0m[;1m [[;1m[35m-Wmissing-methods[0m[0m[;1m][0m[0m[;1m
    • No explicit implementation for
        ‘xor’, (either ‘rotate’ or (‘rotateL’ and ‘rotateR’)), ‘bitSize’,
        ‘bitSizeMaybe’, ‘isSigned’, ‘testBit’, ‘bit’, and ‘popCount’
    • In the instance declaration for ‘Bits Zord64’[0m[0m
[;1m[34m   |[0m[0m
[;1m[34m26 |[0m[0m > instance [;1m[35mBits Zord64[0m[0m where
[;1m[34m   |[0m[0m[;1m[35m            ^^^^^^^^^^^[0m[0m
[0m[0m[0m
[;1msrc/Data/Hash/MD5/Zord64_HARD.lhs:43:12: [;1m[35mwarning:[0m[0m[;1m [[;1m[35m-Wmissing-methods[0m[0m[;1m][0m[0m[;1m
    • No explicit implementation for
        ‘quotRem’
    • In the instance declaration for ‘Integral Zord64’[0m[0m
[;1m[34m   |[0m[0m
[;1m[34m43 |[0m[0m > instance [;1m[35mIntegral Zord64[0m[0m where
[;1m[34m   |[0m[0m[;1m[35m            ^^^^^^^^^^^^^^^[0m[0m
[0m[0m[0m
[;1msrc/Data/Hash/MD5/Zord64_HARD.lhs:46:12: [;1m[35mwarning:[0m[0m[;1m [[;1m[35m-Wmissing-methods[0m[0m[;1m][0m[0m[;1m
    • No explicit implementation for
        ‘toRational’
    • In the instance declaration for ‘Real Zord64’[0m[0m
[;1m[34m   |[0m[0m
[;1m[34m46 |[0m[0m > instance [;1m[35mReal Zord64[0m[0m
[;1m[34m   |[0m[0m[;1m[35m            ^^^^^^^^^^^[0m[0m
[0m[0m[0m
[;1msrc/Data/Hash/MD5/Zord64_HARD.lhs:47:12: [;1m[35mwarning:[0m[0m[;1m [[;1m[35m-Wmissing-methods[0m[0m[;1m][0m[0m[;1m
    • No explicit implementation for
        ‘toEnum’ and ‘fromEnum’
    • In the instance declaration for ‘Enum Zord64’[0m[0m
[;1m[34m   |[0m[0m
[;1m[34m47 |[0m[0m > instance [;1m[35mEnum Zord64[0m[0m
[;1m[34m   |[0m[0m[;1m[35m            ^^^^^^^^^^^[0m[0m
[0m[0m[0m[10 of 45] Compiling Data.List.Utils  ( src/Data/List/Utils.hs, .stack-work/dist/x86_64-linux/Cabal-2.4.0.1/build/Data/List/Utils.o )
[11 of 45] Compiling Data.Map.Utils   ( src/Data/Map/Utils.hs, .stack-work/dist/x86_64-linux/Cabal-2.4.0.1/build/Data/Map/Utils.o )
[12 of 45] Compiling Data.Maybe.Utils ( src/Data/Maybe/Utils.hs, .stack-work/dist/x86_64-linux/Cabal-2.4.0.1/build/Data/Maybe/Utils.o )
[13 of 45] Compiling Data.Quantity    ( src/Data/Quantity.hs, .stack-work/dist/x86_64-linux/Cabal-2.4.0.1/build/Data/Quantity.o )
[14 of 45] Compiling Data.String.Utils ( src/Data/String/Utils.hs, .stack-work/dist/x86_64-linux/Cabal-2.4.0.1/build/Data/String/Utils.o )
[15 of 45] Compiling Data.Tuple.Utils ( src/Data/Tuple/Utils.hs, .stack-work/dist/x86_64-linux/Cabal-2.4.0.1/build/Data/Tuple/Utils.o )
[16 of 45] Compiling Network.Email.Mailbox ( src/Network/Email/Mailbox.hs, .stack-work/dist/x86_64-linux/Cabal-2.4.0.1/build/Network/Email/Mailbox.o )
[17 of 45] Compiling Network.Utils    ( src/Network/Utils.hs, .stack-work/dist/x86_64-linux/Cabal-2.4.0.1/build/Network/Utils.o )

[;1msrc/Network/Utils.hs:27:1: [;1m[35mwarning:[0m[0m[;1m [[;1m[35m-Wdeprecations[0m[0m[;1m][0m[0m[;1m
    Module ‘Network’ is deprecated:
      The high level Network interface is no longer supported. Please use Network.Socket.[0m[0m
[;1m[34m   |[0m[0m
[;1m[34m27 |[0m[0m [;1m[35mimport Network[0m[0m
[;1m[34m   |[0m[0m[;1m[35m ^^^^^^^^^^^^^^[0m[0m
[0m[0m[0m
[;1msrc/Network/Utils.hs:29:1: [;1m[35mwarning:[0m[0m[;1m [[;1m[35m-Wdeprecations[0m[0m[;1m][0m[0m[;1m
    Module ‘Network.BSD’ is deprecated:
      This platform dependent module is no longer supported.[0m[0m
[;1m[34m   |[0m[0m
[;1m[34m29 |[0m[0m [;1m[35mimport Network.BSD[0m[0m
[;1m[34m   |[0m[0m[;1m[35m ^^^^^^^^^^^^^^^^^^[0m[0m
[0m[0m[0m
[;1msrc/Network/Utils.hs:59:30: [;1m[35mwarning:[0m[0m[;1m [[;1m[35m-Wdeprecations[0m[0m[;1m][0m[0m[;1m
    In the use of ‘getHostByName’ (imported from Network.BSD):
    Deprecated: "This platform dependent module is no longer supported."[0m[0m
[;1m[34m   |[0m[0m
[;1m[34m59 |[0m[0m                        he <- [;1m[35mgetHostByName[0m[0m host
[;1m[34m   |[0m[0m[;1m[35m                              ^^^^^^^^^^^^^[0m[0m
[0m[0m[0m
[;1msrc/Network/Utils.hs:60:59: [;1m[35mwarning:[0m[0m[;1m [[;1m[35m-Wdeprecations[0m[0m[;1m][0m[0m[;1m
    In the use of ‘hostAddress’ (imported from Network.BSD):
    Deprecated: "This platform dependent module is no longer supported."[0m[0m
[;1m[34m   |[0m[0m
[;1m[34m60 |[0m[0m                        connectTCPAddr (SockAddrInet port ([;1m[35mhostAddress[0m[0m he))
[;1m[34m   |[0m[0m[;1m[35m                                                           ^^^^^^^^^^^[0m[0m
[0m[0m[0m
[;1msrc/Network/Utils.hs:64:32: [;1m[35mwarning:[0m[0m[;1m [[;1m[35m-Wdeprecations[0m[0m[;1m][0m[0m[;1m
    In the use of ‘getProtocolNumber’ (imported from Network.BSD):
    Deprecated: "This platform dependent module is no longer supported."[0m[0m
[;1m[34m   |[0m[0m
[;1m[34m64 |[0m[0m                       proto <- [;1m[35mgetProtocolNumber[0m[0m "tcp"
[;1m[34m   |[0m[0m[;1m[35m                                ^^^^^^^^^^^^^^^^^[0m[0m
[0m[0m[0m
[;1msrc/Network/Utils.hs:71:31: [;1m[35mwarning:[0m[0m[;1m [[;1m[35m-Wdeprecations[0m[0m[;1m][0m[0m[;1m
    In the use of ‘getProtocolNumber’ (imported from Network.BSD):
    Deprecated: "This platform dependent module is no longer supported."[0m[0m
[;1m[34m   |[0m[0m
[;1m[34m71 |[0m[0m                      proto <- [;1m[35mgetProtocolNumber[0m[0m "tcp"
[;1m[34m   |[0m[0m[;1m[35m                               ^^^^^^^^^^^^^^^^^[0m[0m
[0m[0m[0m
[;1msrc/Network/Utils.hs:73:22: [;1m[35mwarning:[0m[0m[;1m [[;1m[35m-Wdeprecations[0m[0m[;1m][0m[0m[;1m
    In the use of ‘bindSocket’ (imported from Network.Socket):
    Deprecated: "use 'bind'"[0m[0m
[;1m[34m   |[0m[0m
[;1m[34m73 |[0m[0m                      [;1m[35mbindSocket[0m[0m s addr
[;1m[34m   |[0m[0m[;1m[35m                      ^^^^^^^^^^[0m[0m
[0m[0m[0m
[;1msrc/Network/Utils.hs:82:13: [;1m[35mwarning:[0m[0m[;1m [[;1m[35m-Wdeprecations[0m[0m[;1m][0m[0m[;1m
    In the use of ‘inet_ntoa’ (imported from Network.Socket):
    Deprecated: "Use "getNameInfo" instead"[0m[0m
[;1m[34m   |[0m[0m
[;1m[34m82 |[0m[0m     do h <- [;1m[35minet_ntoa[0m[0m host
[;1m[34m   |[0m[0m[;1m[35m             ^^^^^^^^^[0m[0m
[0m[0m[0m[18 of 45] Compiling Network.SocketServer ( src/Network/SocketServer.hs, .stack-work/dist/x86_64-linux/Cabal-2.4.0.1/build/Network/SocketServer.o )

[;1msrc/Network/SocketServer.hs:48:1: [;1m[35mwarning:[0m[0m[;1m [[;1m[35m-Wdeprecations[0m[0m[;1m][0m[0m[;1m
    Module ‘Network.BSD’ is deprecated:
      This platform dependent module is no longer supported.[0m[0m
[;1m[34m   |[0m[0m
[;1m[34m48 |[0m[0m [;1m[35mimport Network.BSD[0m[0m
[;1m[34m   |[0m[0m[;1m[35m ^^^^^^^^^^^^^^^^^^[0m[0m
[0m[0m[0m
[;1msrc/Network/SocketServer.hs:80:53: [;1m[35mwarning:[0m[0m[;1m [[;1m[35m-Wdeprecations[0m[0m[;1m][0m[0m[;1m
    In the use of ‘iNADDR_ANY’ (imported from Network.Socket):
    Deprecated: "Use getAddrInfo instead"[0m[0m
[;1m[34m   |[0m[0m
[;1m[34m80 |[0m[0m                                         interface = [;1m[35miNADDR_ANY[0m[0m,
[;1m[34m   |[0m[0m[;1m[35m                                                     ^^^^^^^^^^[0m[0m
[0m[0m[0m
[;1msrc/Network/SocketServer.hs:95:17: [;1m[35mwarning:[0m[0m[;1m [[;1m[35m-Wdeprecations[0m[0m[;1m][0m[0m[;1m
    In the use of ‘getProtocolNumber’ (imported from Network.BSD):
    Deprecated: "This platform dependent module is no longer supported."[0m[0m
[;1m[34m   |[0m[0m
[;1m[34m95 |[0m[0m     do proto <- [;1m[35mgetProtocolNumber[0m[0m (protoStr opts)
[;1m[34m   |[0m[0m[;1m[35m                 ^^^^^^^^^^^^^^^^^[0m[0m
[0m[0m[0m
[;1msrc/Network/SocketServer.hs:100:8: [;1m[35mwarning:[0m[0m[;1m [[;1m[35m-Wdeprecations[0m[0m[;1m][0m[0m[;1m
    In the use of ‘bindSocket’ (imported from Network.Socket):
    Deprecated: "use 'bind'"[0m[0m
[;1m[34m    |[0m[0m
[;1m[34m100 |[0m[0m        [;1m[35mbindSocket[0m[0m s (SockAddrInet (portNumber opts)
[;1m[34m    |[0m[0m[;1m[35m        ^^^^^^^^^^[0m[0m
[0m[0m[0m
[;1msrc/Network/SocketServer.hs:109:5: [;1m[35mwarning:[0m[0m[;1m [[;1m[35m-Wdeprecations[0m[0m[;1m][0m[0m[;1m
    In the use of ‘sClose’ (imported from Network.Socket):
    Deprecated: "use 'close'"[0m[0m
[;1m[34m    |[0m[0m
[;1m[34m109 |[0m[0m     [;1m[35msClose[0m[0m (sockSS ss)
[;1m[34m    |[0m[0m[;1m[35m     ^^^^^^[0m[0m
[0m[0m[0m[19 of 45] Compiling System.Cmd.Utils ( src/System/Cmd/Utils.hs, .stack-work/dist/x86_64-linux/Cabal-2.4.0.1/build/System/Cmd/Utils.o )
[20 of 45] Compiling Network.Email.Sendmail ( src/Network/Email/Sendmail.hs, .stack-work/dist/x86_64-linux/Cabal-2.4.0.1/build/Network/Email/Sendmail.o )
[21 of 45] Compiling System.Console.GetOpt.Utils ( src/System/Console/GetOpt/Utils.hs, .stack-work/dist/x86_64-linux/Cabal-2.4.0.1/build/System/Console/GetOpt/Utils.o )
[22 of 45] Compiling System.Daemon    ( src/System/Daemon.hs, .stack-work/dist/x86_64-linux/Cabal-2.4.0.1/build/System/Daemon.o )
[23 of 45] Compiling System.Debian    ( src/System/Debian.hs, .stack-work/dist/x86_64-linux/Cabal-2.4.0.1/build/System/Debian.o )
[24 of 45] Compiling System.Debian.ControlParser ( src/System/Debian/ControlParser.hs, .stack-work/dist/x86_64-linux/Cabal-2.4.0.1/build/System/Debian/ControlParser.o )
[25 of 45] Compiling System.FileArchive.GZip ( src/System/FileArchive/GZip.hs, .stack-work/dist/x86_64-linux/Cabal-2.4.0.1/build/System/FileArchive/GZip.o )

[;1msrc/System/FileArchive/GZip.hs:45:1: [;1m[35mwarning:[0m[0m[;1m [[;1m[35m-Wdeprecations[0m[0m[;1m][0m[0m[;1m
    Module ‘Control.Monad.Error’ is deprecated:
      Use "Control.Monad.Except" instead[0m[0m
[;1m[34m   |[0m[0m
[;1m[34m45 |[0m[0m [;1m[35mimport Control.Monad.Error[0m[0m -- (Error(), strMsg, throwError)
[;1m[34m   |[0m[0m[;1m[35m ^^^^^^^^^^^^^^^^^^^^^^^^^^[0m[0m
[0m[0m[0m
[;1msrc/System/FileArchive/GZip.hs:57:10: [;1m[35mwarning:[0m[0m[;1m [[;1m[35m-Wdeprecations[0m[0m[;1m][0m[0m[;1m
    In the use of type constructor or class ‘Error’
    (imported from Control.Monad.Error, but defined in transformers-0.5.5.0:Control.Monad.Trans.Error):
    Deprecated: "Use Control.Monad.Trans.Except instead"[0m[0m
[;1m[34m   |[0m[0m
[;1m[34m57 |[0m[0m instance [;1m[35mError[0m[0m GZipError where
[;1m[34m   |[0m[0m[;1m[35m          ^^^^^[0m[0m
[0m[0m[0m
[;1msrc/System/FileArchive/GZip.hs:57:10: [;1m[35mwarning:[0m[0m[;1m [[;1m[35m-Wdeprecations[0m[0m[;1m][0m[0m[;1m
    In the use of type constructor or class ‘Error’
    (imported from Control.Monad.Error, but defined in transformers-0.5.5.0:Control.Monad.Trans.Error):
    Deprecated: "Use Control.Monad.Trans.Except instead"[0m[0m
[;1m[34m   |[0m[0m
[;1m[34m57 |[0m[0m instance [;1m[35mError[0m[0m GZipError where
[;1m[34m   |[0m[0m[;1m[35m          ^^^^^[0m[0m
[0m[0m[0m[26 of 45] Compiling System.IO.HVIO   ( src/System/IO/HVIO.hs, .stack-work/dist/x86_64-linux/Cabal-2.4.0.1/build/System/IO/HVIO.o )
[27 of 45] Compiling System.IO.PlafCompat ( src/System/IO/PlafCompat.hs, .stack-work/dist/x86_64-linux/Cabal-2.4.0.1/build/System/IO/PlafCompat.o )
[28 of 45] Compiling System.IO.Utils  ( src/System/IO/Utils.hs, .stack-work/dist/x86_64-linux/Cabal-2.4.0.1/build/System/IO/Utils.o )
[29 of 45] Compiling System.IO.WindowsCompat ( src/System/IO/WindowsCompat.hs, .stack-work/dist/x86_64-linux/Cabal-2.4.0.1/build/System/IO/WindowsCompat.o )
[30 of 45] Compiling System.Path.NameManip ( src/System/Path/NameManip.hs, .stack-work/dist/x86_64-linux/Cabal-2.4.0.1/build/System/Path/NameManip.o )
[31 of 45] Compiling System.Path.WildMatch ( src/System/Path/WildMatch.hs, .stack-work/dist/x86_64-linux/Cabal-2.4.0.1/build/System/Path/WildMatch.o )
[32 of 45] Compiling System.Posix.Consts ( src/System/Posix/Consts.hs, .stack-work/dist/x86_64-linux/Cabal-2.4.0.1/build/System/Posix/Consts.o )
[33 of 45] Compiling System.IO.StatCompat ( src/System/IO/StatCompat.hs, .stack-work/dist/x86_64-linux/Cabal-2.4.0.1/build/System/IO/StatCompat.o )
[34 of 45] Compiling System.Time.Utils ( src/System/Time/Utils.hs, .stack-work/dist/x86_64-linux/Cabal-2.4.0.1/build/System/Time/Utils.o )
[35 of 45] Compiling System.IO.HVFS   ( src/System/IO/HVFS.hs, .stack-work/dist/x86_64-linux/Cabal-2.4.0.1/build/System/IO/HVFS.o )
[36 of 45] Compiling System.Path.Glob ( src/System/Path/Glob.hs, .stack-work/dist/x86_64-linux/Cabal-2.4.0.1/build/System/Path/Glob.o )
[37 of 45] Compiling System.IO.HVFS.Utils ( src/System/IO/HVFS/Utils.hs, .stack-work/dist/x86_64-linux/Cabal-2.4.0.1/build/System/IO/HVFS/Utils.o )
[38 of 45] Compiling System.Path      ( src/System/Path.hs, .stack-work/dist/x86_64-linux/Cabal-2.4.0.1/build/System/Path.o )
[39 of 45] Compiling Data.MIME.Types  ( src/Data/MIME/Types.hs, .stack-work/dist/x86_64-linux/Cabal-2.4.0.1/build/Data/MIME/Types.o )
[40 of 45] Compiling System.IO.HVFS.InstanceHelpers ( src/System/IO/HVFS/InstanceHelpers.hs, .stack-work/dist/x86_64-linux/Cabal-2.4.0.1/build/System/IO/HVFS/InstanceHelpers.o )
[41 of 45] Compiling System.IO.HVFS.Combinators ( src/System/IO/HVFS/Combinators.hs, .stack-work/dist/x86_64-linux/Cabal-2.4.0.1/build/System/IO/HVFS/Combinators.o )
[42 of 45] Compiling System.IO.Binary ( src/System/IO/Binary.hs, .stack-work/dist/x86_64-linux/Cabal-2.4.0.1/build/System/IO/Binary.o )
[43 of 45] Compiling Data.Progress.Tracker ( src/Data/Progress/Tracker.hs, .stack-work/dist/x86_64-linux/Cabal-2.4.0.1/build/Data/Progress/Tracker.o )
[44 of 45] Compiling Data.Progress.Meter ( src/Data/Progress/Meter.hs, .stack-work/dist/x86_64-linux/Cabal-2.4.0.1/build/Data/Progress/Meter.o )
[45 of 45] Compiling Text.ParserCombinators.Parsec.Utils ( src/Text/ParserCombinators/Parsec/Utils.hs, .stack-work/dist/x86_64-linux/Cabal-2.4.0.1/build/Text/ParserCombinators/Parsec/Utils.o )
Installing library in /home/parallels/.stack/snapshots/x86_64-linux/lts-13.7/8.6.3/lib/x86_64-linux-ghc-8.6.3/MissingH-1.4.1.0-Bcs42cH7BiY2yuiClZZRxG
Registering library for MissingH-1.4.1.0..
